[2019-06-26 11:53:36.687] [exthost] [info] extension host started
[2019-06-26 11:53:36.709] [exthost] [info] ExtensionService#_doActivateExtension vscode.debug-auto-launch {"startup":true,"activationEvent":"*"}
[2019-06-26 11:53:36.709] [exthost] [info] ExtensionService#loadCommonJSModule /private/var/folders/k5/5sfx4_wn3vb8v1jlf02n_2p80000gn/T/AppTranslocation/0A574A15-BF4B-4C91-8E76-A09BAF56D1FD/d/Visual Studio Code.app/Contents/Resources/app/extensions/debug-auto-launch/dist/extension
[2019-06-26 11:53:36.715] [exthost] [info] ExtensionService#_doActivateExtension vscode.emmet {"startup":true,"activationEvent":"*"}
[2019-06-26 11:53:36.716] [exthost] [info] ExtensionService#loadCommonJSModule /private/var/folders/k5/5sfx4_wn3vb8v1jlf02n_2p80000gn/T/AppTranslocation/0A574A15-BF4B-4C91-8E76-A09BAF56D1FD/d/Visual Studio Code.app/Contents/Resources/app/extensions/emmet/dist/extension
[2019-06-26 11:53:36.735] [exthost] [info] ExtensionService#_doActivateExtension vscode.git {"startup":true,"activationEvent":"*"}
[2019-06-26 11:53:36.735] [exthost] [info] ExtensionService#loadCommonJSModule /private/var/folders/k5/5sfx4_wn3vb8v1jlf02n_2p80000gn/T/AppTranslocation/0A574A15-BF4B-4C91-8E76-A09BAF56D1FD/d/Visual Studio Code.app/Contents/Resources/app/extensions/git/dist/main
[2019-06-26 11:53:36.839] [exthost] [info] ExtensionService#_doActivateExtension vscode.merge-conflict {"startup":true,"activationEvent":"*"}
[2019-06-26 11:53:36.839] [exthost] [info] ExtensionService#loadCommonJSModule /private/var/folders/k5/5sfx4_wn3vb8v1jlf02n_2p80000gn/T/AppTranslocation/0A574A15-BF4B-4C91-8E76-A09BAF56D1FD/d/Visual Studio Code.app/Contents/Resources/app/extensions/merge-conflict/dist/extension
[2019-06-26 11:53:36.845] [exthost] [info] eager extensions activated
[2019-06-26 11:53:46.535] [exthost] [info] ExtensionService#_doActivateExtension vscode.typescript-language-features {"startup":false,"activationEvent":"onLanguage:typescriptreact"}
[2019-06-26 11:53:46.535] [exthost] [info] ExtensionService#loadCommonJSModule /private/var/folders/k5/5sfx4_wn3vb8v1jlf02n_2p80000gn/T/AppTranslocation/0A574A15-BF4B-4C91-8E76-A09BAF56D1FD/d/Visual Studio Code.app/Contents/Resources/app/extensions/typescript-language-features/dist/extension
[2019-06-26 11:53:49.578] [exthost] [info] ExtensionService#_doActivateExtension vscode.configuration-editing {"startup":false,"activationEvent":"onLanguage:jsonc"}
[2019-06-26 11:53:49.578] [exthost] [info] ExtensionService#loadCommonJSModule /private/var/folders/k5/5sfx4_wn3vb8v1jlf02n_2p80000gn/T/AppTranslocation/0A574A15-BF4B-4C91-8E76-A09BAF56D1FD/d/Visual Studio Code.app/Contents/Resources/app/extensions/configuration-editing/dist/extension
[2019-06-26 11:53:49.589] [exthost] [info] ExtensionService#_doActivateExtension vscode.json-language-features {"startup":false,"activationEvent":"onLanguage:jsonc"}
[2019-06-26 11:53:49.589] [exthost] [info] ExtensionService#loadCommonJSModule /private/var/folders/k5/5sfx4_wn3vb8v1jlf02n_2p80000gn/T/AppTranslocation/0A574A15-BF4B-4C91-8E76-A09BAF56D1FD/d/Visual Studio Code.app/Contents/Resources/app/extensions/json-language-features/client/dist/jsonMain
[2019-06-26 11:56:03.238] [exthost] [info] ExtensionService#_doActivateExtension vscode.extension-editing {"startup":false,"activationEvent":"onLanguage:typescript"}
[2019-06-26 11:56:03.238] [exthost] [info] ExtensionService#loadCommonJSModule /private/var/folders/k5/5sfx4_wn3vb8v1jlf02n_2p80000gn/T/AppTranslocation/0A574A15-BF4B-4C91-8E76-A09BAF56D1FD/d/Visual Studio Code.app/Contents/Resources/app/extensions/extension-editing/dist/extension
[2019-06-26 12:07:58.271] [exthost] [info] ExtensionService#_doActivateExtension vscode.css-language-features {"startup":false,"activationEvent":"onLanguage:scss"}
[2019-06-26 12:07:58.271] [exthost] [info] ExtensionService#loadCommonJSModule /private/var/folders/k5/5sfx4_wn3vb8v1jlf02n_2p80000gn/T/AppTranslocation/0A574A15-BF4B-4C91-8E76-A09BAF56D1FD/d/Visual Studio Code.app/Contents/Resources/app/extensions/css-language-features/client/dist/cssMain
