[2019-06-21 01:11:53.994] [exthost] [info] extension host started
[2019-06-21 01:11:54.014] [exthost] [info] ExtensionService#_doActivateExtension vscode.typescript-language-features {"startup":false,"activationEvent":"onLanguage:typescriptreact"}
[2019-06-21 01:11:54.014] [exthost] [info] ExtensionService#loadCommonJSModule /private/var/folders/k5/5sfx4_wn3vb8v1jlf02n_2p80000gn/T/AppTranslocation/66E4C607-390B-4D96-8F51-4E4C3F04CFBE/d/Visual Studio Code.app/Contents/Resources/app/extensions/typescript-language-features/dist/extension
[2019-06-21 01:11:54.081] [exthost] [info] ExtensionService#_doActivateExtension vscode.debug-auto-launch {"startup":true,"activationEvent":"*"}
[2019-06-21 01:11:54.081] [exthost] [info] ExtensionService#loadCommonJSModule /private/var/folders/k5/5sfx4_wn3vb8v1jlf02n_2p80000gn/T/AppTranslocation/66E4C607-390B-4D96-8F51-4E4C3F04CFBE/d/Visual Studio Code.app/Contents/Resources/app/extensions/debug-auto-launch/dist/extension
[2019-06-21 01:11:54.084] [exthost] [info] ExtensionService#_doActivateExtension vscode.emmet {"startup":true,"activationEvent":"*"}
[2019-06-21 01:11:54.084] [exthost] [info] ExtensionService#loadCommonJSModule /private/var/folders/k5/5sfx4_wn3vb8v1jlf02n_2p80000gn/T/AppTranslocation/66E4C607-390B-4D96-8F51-4E4C3F04CFBE/d/Visual Studio Code.app/Contents/Resources/app/extensions/emmet/dist/extension
[2019-06-21 01:11:54.098] [exthost] [info] ExtensionService#_doActivateExtension vscode.git {"startup":true,"activationEvent":"*"}
[2019-06-21 01:11:54.098] [exthost] [info] ExtensionService#loadCommonJSModule /private/var/folders/k5/5sfx4_wn3vb8v1jlf02n_2p80000gn/T/AppTranslocation/66E4C607-390B-4D96-8F51-4E4C3F04CFBE/d/Visual Studio Code.app/Contents/Resources/app/extensions/git/dist/main
[2019-06-21 01:11:54.177] [exthost] [info] ExtensionService#_doActivateExtension vscode.merge-conflict {"startup":true,"activationEvent":"*"}
[2019-06-21 01:11:54.177] [exthost] [info] ExtensionService#loadCommonJSModule /private/var/folders/k5/5sfx4_wn3vb8v1jlf02n_2p80000gn/T/AppTranslocation/66E4C607-390B-4D96-8F51-4E4C3F04CFBE/d/Visual Studio Code.app/Contents/Resources/app/extensions/merge-conflict/dist/extension
[2019-06-21 01:11:54.185] [exthost] [info] eager extensions activated
[2019-06-21 01:11:56.715] [exthost] [info] ExtensionService#_doActivateExtension vscode.configuration-editing {"startup":false,"activationEvent":"onLanguage:jsonc"}
[2019-06-21 01:11:56.715] [exthost] [info] ExtensionService#loadCommonJSModule /private/var/folders/k5/5sfx4_wn3vb8v1jlf02n_2p80000gn/T/AppTranslocation/66E4C607-390B-4D96-8F51-4E4C3F04CFBE/d/Visual Studio Code.app/Contents/Resources/app/extensions/configuration-editing/dist/extension
[2019-06-21 01:11:56.725] [exthost] [info] ExtensionService#_doActivateExtension vscode.json-language-features {"startup":false,"activationEvent":"onLanguage:jsonc"}
[2019-06-21 01:11:56.725] [exthost] [info] ExtensionService#loadCommonJSModule /private/var/folders/k5/5sfx4_wn3vb8v1jlf02n_2p80000gn/T/AppTranslocation/66E4C607-390B-4D96-8F51-4E4C3F04CFBE/d/Visual Studio Code.app/Contents/Resources/app/extensions/json-language-features/client/dist/jsonMain
[2019-06-21 01:12:09.309] [exthost] [info] ExtensionService#_doActivateExtension vscode.extension-editing {"startup":false,"activationEvent":"onLanguage:json"}
[2019-06-21 01:12:09.309] [exthost] [info] ExtensionService#loadCommonJSModule /private/var/folders/k5/5sfx4_wn3vb8v1jlf02n_2p80000gn/T/AppTranslocation/66E4C607-390B-4D96-8F51-4E4C3F04CFBE/d/Visual Studio Code.app/Contents/Resources/app/extensions/extension-editing/dist/extension
[2019-06-21 01:12:09.352] [exthost] [info] ExtensionService#_doActivateExtension vscode.npm {"startup":false,"activationEvent":"onLanguage:json"}
[2019-06-21 01:12:09.352] [exthost] [info] ExtensionService#loadCommonJSModule /private/var/folders/k5/5sfx4_wn3vb8v1jlf02n_2p80000gn/T/AppTranslocation/66E4C607-390B-4D96-8F51-4E4C3F04CFBE/d/Visual Studio Code.app/Contents/Resources/app/extensions/npm/dist/main
